<?xml version="1.0" encoding="UTF-8"?>
<testsuite name="C:/Users/Rohit/IdeaProjects/APIAutomationRestAssured5X"
           tests="2"
           failures="0"
           errors="0"
           skipped="0"
           time="2.701">
    <properties></properties>



            <testcase
                name="testPUTRequest2"
                time="1.357"
                classname="com.thetestingacademy.Testng.testngexamples.TestNG005">
            </testcase>
            <testcase
                name="testPUTRequest"
                time="1.344"
                classname="com.thetestingacademy.Testng.testngexamples.TestNG005">
            </testcase>
</testsuite>
